C:\Angular2Demo\Angular2Demo\src\app\app.component.js
C:\Angular2Demo\Angular2Demo\src\app\app.component.js.map
C:\Angular2Demo\Angular2Demo\src\app\employee\employee.component.js
C:\Angular2Demo\Angular2Demo\src\app\employee\employee.component.js.map
C:\Angular2Demo\Angular2Demo\src\app\employee\employee.js
C:\Angular2Demo\Angular2Demo\src\app\employee\employee.js.map
C:\Angular2Demo\Angular2Demo\src\app\employee\employee.service.js
C:\Angular2Demo\Angular2Demo\src\app\employee\employee.service.js.map
C:\Angular2Demo\Angular2Demo\src\app\employee\employeeList.component.js
C:\Angular2Demo\Angular2Demo\src\app\employee\employeeList.component.js.map
C:\Angular2Demo\Angular2Demo\src\app\employee\employeeTitle.pipe.js
C:\Angular2Demo\Angular2Demo\src\app\employee\employeeTitle.pipe.js.map
C:\Angular2Demo\Angular2Demo\src\app\employee\emplyeeCount.component.js
C:\Angular2Demo\Angular2Demo\src\app\employee\emplyeeCount.component.js.map
C:\Angular2Demo\Angular2Demo\src\app\Others\simple.component.js
C:\Angular2Demo\Angular2Demo\src\app\Others\simple.component.js.map
C:\Angular2Demo\Angular2Demo\src\app\home\home.component.js
C:\Angular2Demo\Angular2Demo\src\app\home\home.component.js.map
C:\Angular2Demo\Angular2Demo\src\app\NCSX\nibrs.component.js
C:\Angular2Demo\Angular2Demo\src\app\NCSX\nibrs.component.js.map
C:\Angular2Demo\Angular2Demo\src\app\Others\pageNotFound.component.js
C:\Angular2Demo\Angular2Demo\src\app\Others\pageNotFound.component.js.map
C:\Angular2Demo\Angular2Demo\src\app\app.module.js
C:\Angular2Demo\Angular2Demo\src\app\app.module.js.map
C:\Angular2Demo\Angular2Demo\src\main.js
C:\Angular2Demo\Angular2Demo\src\main.js.map
C:\Angular2Demo\Angular2Demo\src\app\app.component.spec.js
C:\Angular2Demo\Angular2Demo\src\app\app.component.spec.js.map
